<?xml version="1.0" encoding="UTF-8"?>
<testsuites name="Mocha Tests" time="0.403" tests="21" failures="0">
  <testsuite name="Root Suite" timestamp="2017-03-20T08:21:09" tests="0" failures="0" time="0">
  </testsuite>
  <testsuite name="AnnounceDAO Tests" timestamp="2017-03-20T08:21:09" tests="5" file="/Users/macbookpro/development/cmu/fse/s17-ESN-SV4/sv4-esn-services/tests/announceDaoTest.js" failures="0" time="0.001">
    <testcase name="AnnounceDAO Tests Listing announcements" time="0.001" classname="Listing announcements">
    </testcase>
    <testcase name="AnnounceDAO Tests Finding announcement by ID" time="0" classname="Finding announcement by ID">
    </testcase>
    <testcase name="AnnounceDAO Tests Creating an announcement" time="0" classname="Creating an announcement">
    </testcase>
    <testcase name="AnnounceDAO Tests Updating an announcement" time="0" classname="Updating an announcement">
    </testcase>
    <testcase name="AnnounceDAO Tests Removing an announcement" time="0" classname="Removing an announcement">
    </testcase>
  </testsuite>
  <testsuite name="LoginService Tests" timestamp="2017-03-20T08:21:09" tests="6" file="/Users/macbookpro/development/cmu/fse/s17-ESN-SV4/sv4-esn-services/tests/loginServiceTest.js" failures="0" time="0.318">
    <testcase name="LoginService Tests Login Successful" time="0.166" classname="Login Successful">
    </testcase>
    <testcase name="LoginService Tests Username less than three characters" time="0" classname="Username less than three characters">
    </testcase>
    <testcase name="LoginService Tests Username is in the list of reserved names" time="0.001" classname="Username is in the list of reserved names">
    </testcase>
    <testcase name="LoginService Tests Password less than three character" time="0" classname="Password less than three character">
    </testcase>
    <testcase name="LoginService Tests No such user" time="0.076" classname="No such user">
    </testcase>
    <testcase name="LoginService Tests Incorrect password" time="0.075" classname="Incorrect password">
    </testcase>
  </testsuite>
  <testsuite name="MessageDAO Tests" timestamp="2017-03-20T08:21:10" tests="5" file="/Users/macbookpro/development/cmu/fse/s17-ESN-SV4/sv4-esn-services/tests/messageDaoTest.js" failures="0" time="0">
    <testcase name="MessageDAO Tests Listing messages" time="0" classname="Listing messages">
    </testcase>
    <testcase name="MessageDAO Tests Finding message by ID" time="0" classname="Finding message by ID">
    </testcase>
    <testcase name="MessageDAO Tests Creating a message" time="0" classname="Creating a message">
    </testcase>
    <testcase name="MessageDAO Tests Updating a message" time="0" classname="Updating a message">
    </testcase>
    <testcase name="MessageDAO Tests Removing a message" time="0" classname="Removing a message">
    </testcase>
  </testsuite>
  <testsuite name="UserDAO Tests" timestamp="2017-03-20T08:21:10" tests="5" file="/Users/macbookpro/development/cmu/fse/s17-ESN-SV4/sv4-esn-services/tests/userDaoTest.js" failures="0" time="0.084">
    <testcase name="UserDAO Tests Creating a user" time="0.084" classname="Creating a user">
    </testcase>
    <testcase name="UserDAO Tests Listing users" time="0" classname="Listing users">
    </testcase>
    <testcase name="UserDAO Tests Finding a user by Username" time="0" classname="Finding a user by Username">
    </testcase>
    <testcase name="UserDAO Tests Updating a user" time="0" classname="Updating a user">
    </testcase>
    <testcase name="UserDAO Tests Removing a user" time="0" classname="Removing a user">
    </testcase>
  </testsuite>
</testsuites>